\BOOKMARK [1][-]{section*.2}{\376\377\000L\000i\000s\000t\000\040\000o\000f\000\040\000f\000i\000g\000u\000r\000e\000s}{}% 1
\BOOKMARK [1][-]{section*.3}{\376\377\000L\000i\000s\000t\000\040\000o\000f\000\040\000t\000a\000b\000l\000e\000s}{}% 2
\BOOKMARK [1][-]{section*.4}{\376\377\000P\000r\000o\000j\000e\000c\000t\000\040\000d\000e\000s\000c\000r\000i\000p\000t\000i\000o\000n}{}% 3
\BOOKMARK [1][-]{section.1}{\376\377\000D\000i\000r\000e\000c\000t\000\040\000k\000i\000n\000e\000m\000a\000t\000i\000c\000s}{}% 4
\BOOKMARK [2][-]{subsection.1.1}{\376\377\000K\000i\000n\000e\000m\000a\000t\000i\000c\000\040\000s\000t\000r\000u\000c\000t\000u\000r\000e\000\040\000o\000f\000\040\000t\000h\000e\000\040\000r\000o\000b\000o\000t}{section.1}% 5
\BOOKMARK [2][-]{subsection.1.2}{\376\377\000D\000e\000n\000a\000v\000i\000t\000-\000H\000a\000r\000t\000e\000n\000b\000e\000r\000g\000\040\000p\000a\000r\000a\000m\000e\000t\000e\000r\000s}{section.1}% 6
\BOOKMARK [2][-]{subsection.1.3}{\376\377\000H\000o\000m\000o\000g\000e\000n\000e\000o\000u\000s\000\040\000t\000r\000a\000n\000s\000f\000o\000r\000m\000a\000t\000i\000o\000n\000\040\000m\000a\000t\000r\000i\000c\000e\000s}{section.1}% 7
\BOOKMARK [1][-]{section.2}{\376\377\000I\000n\000v\000e\000r\000s\000e\000\040\000K\000i\000n\000e\000m\000a\000t\000i\000c\000s}{}% 8
\BOOKMARK [2][-]{subsection.2.1}{\376\377\000S\000i\000n\000g\000u\000l\000a\000r\000\040\000c\000o\000n\000f\000i\000g\000u\000r\000a\000t\000i\000o\000n\000s}{section.2}% 9
\BOOKMARK [2][-]{subsection.2.2}{\376\377\000S\000o\000l\000u\000t\000i\000o\000n\000\040\000f\000o\000r\000\040\0001}{section.2}% 10
\BOOKMARK [2][-]{subsection.2.3}{\376\377\000S\000o\000l\000u\000t\000i\000o\000n\000\040\000f\000o\000r\000\040\0002}{section.2}% 11
\BOOKMARK [2][-]{subsection.2.4}{\376\377\000S\000o\000l\000u\000t\000i\000o\000n\000\040\000f\000o\000r\000\040\0003}{section.2}% 12
\BOOKMARK [2][-]{subsection.2.5}{\376\377\000S\000o\000l\000u\000t\000i\000o\000n\000\040\000f\000o\000r\000\040\0005}{section.2}% 13
\BOOKMARK [2][-]{subsection.2.6}{\376\377\000S\000o\000l\000u\000t\000i\000o\000n\000\040\000f\000o\000r\000\040\0004}{section.2}% 14
\BOOKMARK [2][-]{subsection.2.7}{\376\377\000S\000o\000l\000u\000t\000i\000o\000n\000\040\000f\000o\000r\000\040\0006}{section.2}% 15
\BOOKMARK [1][-]{section.3}{\376\377\000k\000i\000n\000e\000m\000a\000t\000i\000c\000s\000\040\000t\000e\000s\000t\000s}{}% 16
\BOOKMARK [2][-]{subsection.3.1}{\376\377\000D\000i\000r\000e\000c\000t\000\040\000k\000i\000n\000e\000m\000a\000t\000i\000c\000s\000\040\000t\000e\000s\000t}{section.3}% 17
\BOOKMARK [2][-]{subsection.3.2}{\376\377\000I\000n\000v\000e\000r\000s\000e\000\040\000k\000i\000n\000e\000m\000a\000t\000i\000c\000s\000\040\000t\000e\000s\000t}{section.3}% 18
\BOOKMARK [1][-]{section.4}{\376\377\000T\000r\000a\000j\000e\000c\000t\000o\000r\000y\000\040\000p\000l\000a\000n\000n\000i\000n\000g}{}% 19
\BOOKMARK [2][-]{subsection.4.1}{\376\377\000J\000o\000i\000n\000t\000\040\000s\000p\000a\000c\000e\000\040\000t\000r\000a\000j\000e\000c\000t\000o\000r\000y\000\040\000p\000l\000a\000n\000n\000i\000n\000g\000\040\000u\000s\000i\000n\000g\000\040\000L\000S\000P\000B}{section.4}% 20
\BOOKMARK [3][-]{subsubsection.4.1.1}{\376\377\000C\000o\000n\000s\000t\000r\000a\000i\000n\000t\000s\000\040\000o\000f\000\040\000L\000S\000P\000B}{subsection.4.1}% 21
\BOOKMARK [2][-]{subsection.4.2}{\376\377\000T\000a\000s\000k\000\040\000s\000p\000a\000c\000e\000\040\000t\000r\000a\000j\000e\000c\000t\000o\000r\000y\000\040\000p\000l\000a\000n\000n\000i\000n\000g}{section.4}% 22
\BOOKMARK [1][-]{section.5}{\376\377\000H\000a\000r\000d\000w\000a\000r\000e\000\040\000I\000m\000p\000l\000e\000m\000e\000n\000t\000a\000t\000i\000o\000n}{}% 23
\BOOKMARK [2][-]{subsection.5.1}{\376\377\000H\000a\000r\000d\000w\000a\000r\000e\000\040\000S\000e\000t\000u\000p}{section.5}% 24
\BOOKMARK [2][-]{subsection.5.2}{\376\377\000B\000r\000i\000e\000f\000\040\000D\000e\000s\000c\000r\000i\000p\000t\000i\000o\000n\000\040\000o\000f\000\040\000t\000h\000e\000\040\000C\000o\000d\000e}{section.5}% 25
\BOOKMARK [2][-]{subsection.5.3}{\376\377\000P\000i\000c\000k\000\040\000a\000n\000d\000\040\000p\000l\000a\000c\000e\000\040\000t\000a\000s\000k\000\040\000g\000r\000a\000p\000h\000\040\000\050\000B\000a\000s\000i\000c\000\040\000A\000l\000g\000o\000r\000i\000t\000h\000m\000\051}{section.5}% 26
\BOOKMARK [1][-]{section.6}{\376\377\000C\000o\000n\000c\000l\000u\000s\000i\000o\000n}{}% 27
